<?xml version="1.0" encoding="utf-8"?>
<TestRun id="5eece5d2-e364-4b7d-aded-941eb4f35739" name="Coel@PC 2025-10-23 14:12:11" runUser="PC\Coel" xmlns="http://microsoft.com/schemas/VisualStudio/TeamTest/2010">
  <Times creation="2025-10-23T14:12:11.7035567+08:00" queuing="2025-10-23T14:12:11.7035568+08:00" start="2025-10-23T14:12:10.3780759+08:00" finish="2025-10-23T14:12:12.2428668+08:00" />
  <TestSettings name="default" id="76b2a168-57c1-4905-95c8-87fa9de50d42">
    <Deployment runDeploymentRoot="Coel_PC_2025-10-23_14_12_11" />
  </TestSettings>
  <Results>
    <UnitTestResult executionId="0559dc03-92d3-4b5a-8d53-deceb0388aa6" testId="9a92c6b1-3a7f-6ff8-1081-8c2724b2b5e9" testName="LORE_LLM.Tests.Domain.DomainSerializationTests.Investigation_report_round_trips" computerName="PC" duration="00:00:00.0070470" startTime="2025-10-23T14:12:11.7768727+08:00" endTime="2025-10-23T14:12:11.7768727+08:00" testType="13cdc9d9-ddb5-4fa4-a97d-d965ccfc6d4b" outcome="Passed" testListId="8c84fa94-04c1-424b-9868-57a2d4851a1d" relativeResultsDirectory="0559dc03-92d3-4b5a-8d53-deceb0388aa6" />
    <UnitTestResult executionId="f0176225-0124-45f8-9bd7-d4dff890f5d1" testId="cf523042-e5be-ee20-2d75-2879ae5bab43" testName="LORE_LLM.Tests.Investigation.MediaWikiIngestionServiceTests.EnsureKnowledgeBaseAsync_offline_without_cache_returns_failure" computerName="PC" duration="00:00:00.2988838" startTime="2025-10-23T14:12:11.6558236+08:00" endTime="2025-10-23T14:12:11.6558242+08:00" testType="13cdc9d9-ddb5-4fa4-a97d-d965ccfc6d4b" outcome="Passed" testListId="8c84fa94-04c1-424b-9868-57a2d4851a1d" relativeResultsDirectory="f0176225-0124-45f8-9bd7-d4dff890f5d1" />
    <UnitTestResult executionId="3eb00cc5-af5e-46f7-afb9-08ff2983eff3" testId="71e1152d-7c2f-4ec6-ad58-93a592b1961f" testName="LORE_LLM.Tests.CliApplicationTests.Commands_return_success(scenario: CommandScenario { Arguments = System.String[], AssertPostConditions = System.Action, ConfigureServices =  })" computerName="PC" duration="00:00:00.0005599" startTime="2025-10-23T14:12:11.8919974+08:00" endTime="2025-10-23T14:12:11.8919975+08:00" testType="13cdc9d9-ddb5-4fa4-a97d-d965ccfc6d4b" outcome="Passed" testListId="8c84fa94-04c1-424b-9868-57a2d4851a1d" relativeResultsDirectory="3eb00cc5-af5e-46f7-afb9-08ff2983eff3" />
    <UnitTestResult executionId="ae24d80f-d9f3-41ee-a4c6-86c45284a4f6" testId="c432c984-90c5-43dd-2e60-2e2a5b248875" testName="LORE_LLM.Tests.Clustering.ClusterCommandTests.Cluster_command_generates_clusters_and_updates_manifest" computerName="PC" duration="00:00:00.0122281" startTime="2025-10-23T14:12:11.8851775+08:00" endTime="2025-10-23T14:12:11.8851779+08:00" testType="13cdc9d9-ddb5-4fa4-a97d-d965ccfc6d4b" outcome="Passed" testListId="8c84fa94-04c1-424b-9868-57a2d4851a1d" relativeResultsDirectory="ae24d80f-d9f3-41ee-a4c6-86c45284a4f6" />
    <UnitTestResult executionId="822645f9-2564-4518-aafa-fe840147a7c0" testId="8af26fe3-93f7-a387-03a0-ea2796e29397" testName="LORE_LLM.Tests.Wiki.MediaWikiCrawlerTests.CrawlAsync_writes_markdown_files_for_requested_pages" computerName="PC" duration="00:00:00.8548236" startTime="2025-10-23T14:12:12.2113515+08:00" endTime="2025-10-23T14:12:12.2113522+08:00" testType="13cdc9d9-ddb5-4fa4-a97d-d965ccfc6d4b" outcome="Passed" testListId="8c84fa94-04c1-424b-9868-57a2d4851a1d" relativeResultsDirectory="822645f9-2564-4518-aafa-fe840147a7c0" />
    <UnitTestResult executionId="cae41557-a59f-480c-b19e-2bb873e8e38e" testId="71e1152d-7c2f-4ec6-ad58-93a592b1961f" testName="LORE_LLM.Tests.CliApplicationTests.Commands_return_success(scenario: CommandScenario { Arguments = System.String[], AssertPostConditions = System.Action, ConfigureServices =  })" computerName="PC" duration="00:00:00.0008936" startTime="2025-10-23T14:12:11.8908262+08:00" endTime="2025-10-23T14:12:11.8908263+08:00" testType="13cdc9d9-ddb5-4fa4-a97d-d965ccfc6d4b" outcome="Passed" testListId="8c84fa94-04c1-424b-9868-57a2d4851a1d" relativeResultsDirectory="cae41557-a59f-480c-b19e-2bb873e8e38e" />
    <UnitTestResult executionId="9909166b-2a5b-48d9-b80e-4208d6a3525e" testId="b373d78a-e853-b05d-6545-fcae3b98c8d9" testName="LORE_LLM.Tests.Wiki.WikiIndexCommandTests.Index_wiki_builds_keyword_index_from_markdown_files" computerName="PC" duration="00:00:00.5025089" startTime="2025-10-23T14:12:11.8597988+08:00" endTime="2025-10-23T14:12:11.8597989+08:00" testType="13cdc9d9-ddb5-4fa4-a97d-d965ccfc6d4b" outcome="Passed" testListId="8c84fa94-04c1-424b-9868-57a2d4851a1d" relativeResultsDirectory="9909166b-2a5b-48d9-b80e-4208d6a3525e" />
    <UnitTestResult executionId="95f60417-e062-48af-9b90-cdad65884ff8" testId="182c4a9a-875f-dd77-2fd5-18a3b491cfa1" testName="LORE_LLM.Tests.Clustering.ClusterCommandTests.Cluster_command_uses_default_provider_from_config_when_not_specified" computerName="PC" duration="00:00:00.0071181" startTime="2025-10-23T14:12:11.8728856+08:00" endTime="2025-10-23T14:12:11.8728858+08:00" testType="13cdc9d9-ddb5-4fa4-a97d-d965ccfc6d4b" outcome="Passed" testListId="8c84fa94-04c1-424b-9868-57a2d4851a1d" relativeResultsDirectory="95f60417-e062-48af-9b90-cdad65884ff8" />
    <UnitTestResult executionId="6228501a-413b-4ac2-bda0-c75a024e0441" testId="71e1152d-7c2f-4ec6-ad58-93a592b1961f" testName="LORE_LLM.Tests.CliApplicationTests.Commands_return_success(scenario: CommandScenario { Arguments = System.String[], AssertPostConditions = System.Action, ConfigureServices =  })" computerName="PC" duration="00:00:00.0005689" startTime="2025-10-23T14:12:11.8925810+08:00" endTime="2025-10-23T14:12:11.8925811+08:00" testType="13cdc9d9-ddb5-4fa4-a97d-d965ccfc6d4b" outcome="Passed" testListId="8c84fa94-04c1-424b-9868-57a2d4851a1d" relativeResultsDirectory="6228501a-413b-4ac2-bda0-c75a024e0441" />
    <UnitTestResult executionId="c39812a0-bc59-4904-991f-be0424ac750c" testId="aee863a8-fcb0-118c-fc2e-3e87b8277d93" testName="LORE_LLM.Tests.Domain.DomainSerializationTests.Knowledge_base_round_trips" computerName="PC" duration="00:00:00.0006709" startTime="2025-10-23T14:12:11.7786382+08:00" endTime="2025-10-23T14:12:11.7786383+08:00" testType="13cdc9d9-ddb5-4fa4-a97d-d965ccfc6d4b" outcome="Passed" testListId="8c84fa94-04c1-424b-9868-57a2d4851a1d" relativeResultsDirectory="c39812a0-bc59-4904-991f-be0424ac750c" />
    <UnitTestResult executionId="5b4f2978-8d1a-4c23-825f-b813891511eb" testId="71e1152d-7c2f-4ec6-ad58-93a592b1961f" testName="LORE_LLM.Tests.CliApplicationTests.Commands_return_success(scenario: CommandScenario { Arguments = System.String[], AssertPostConditions = System.Action, ConfigureServices = System.Action`1[Microsoft.Extensions.DependencyInjection.IServiceCollection] })" computerName="PC" duration="00:00:00.0017256" startTime="2025-10-23T14:12:11.9042766+08:00" endTime="2025-10-23T14:12:11.9042767+08:00" testType="13cdc9d9-ddb5-4fa4-a97d-d965ccfc6d4b" outcome="Passed" testListId="8c84fa94-04c1-424b-9868-57a2d4851a1d" relativeResultsDirectory="5b4f2978-8d1a-4c23-825f-b813891511eb" />
    <UnitTestResult executionId="888d32ea-4ba3-42b7-9945-a562ea4fd669" testId="5b8d8e36-3c2b-b70b-8cf5-35702d042857" testName="LORE_LLM.Tests.Clustering.ClusterCommandTests.Cluster_command_accepts_precomputed_when_flag_is_accept" computerName="PC" duration="00:00:00.5083674" startTime="2025-10-23T14:12:11.8656801+08:00" endTime="2025-10-23T14:12:11.8656802+08:00" testType="13cdc9d9-ddb5-4fa4-a97d-d965ccfc6d4b" outcome="Passed" testListId="8c84fa94-04c1-424b-9868-57a2d4851a1d" relativeResultsDirectory="888d32ea-4ba3-42b7-9945-a562ea4fd669" />
    <UnitTestResult executionId="051cfaac-18c7-45e2-a118-949a3905e359" testId="dd41ed94-549e-fdc0-83c0-e8e977f413a5" testName="LORE_LLM.Tests.PostProcessing.MarbleNestPostProcessorTests.Removes_empty_segments" computerName="PC" duration="00:00:00.4233661" startTime="2025-10-23T14:12:11.7806801+08:00" endTime="2025-10-23T14:12:11.7806802+08:00" testType="13cdc9d9-ddb5-4fa4-a97d-d965ccfc6d4b" outcome="Passed" testListId="8c84fa94-04c1-424b-9868-57a2d4851a1d" relativeResultsDirectory="051cfaac-18c7-45e2-a118-949a3905e359" />
    <UnitTestResult executionId="2ede595c-f134-4b9d-af7d-8725eebce929" testId="a050b477-663a-65f5-e95e-c4a03563d0e4" testName="LORE_LLM.Tests.Retrieval.QdrantClientTests.Search_builds_filter_when_keywords_present" computerName="PC" duration="00:00:00.3312870" startTime="2025-10-23T14:12:11.6886217+08:00" endTime="2025-10-23T14:12:11.6886219+08:00" testType="13cdc9d9-ddb5-4fa4-a97d-d965ccfc6d4b" outcome="Passed" testListId="8c84fa94-04c1-424b-9868-57a2d4851a1d" relativeResultsDirectory="2ede595c-f134-4b9d-af7d-8725eebce929" />
    <UnitTestResult executionId="9131d39b-4dfb-4553-a61c-18ae5955534c" testId="4516c856-2174-1fa8-2472-08f4cf424b4f" testName="LORE_LLM.Tests.Extraction.RawTextExtractorTests.ExtractAsync_fails_when_no_segments" computerName="PC" duration="00:00:00.0706558" startTime="2025-10-23T14:12:11.4294606+08:00" endTime="2025-10-23T14:12:11.4294696+08:00" testType="13cdc9d9-ddb5-4fa4-a97d-d965ccfc6d4b" outcome="Passed" testListId="8c84fa94-04c1-424b-9868-57a2d4851a1d" relativeResultsDirectory="9131d39b-4dfb-4553-a61c-18ae5955534c" />
    <UnitTestResult executionId="03825a61-7110-41bc-adfa-d8946493f639" testId="cb137f5d-24c0-2966-40c5-998e3c709100" testName="LORE_LLM.Tests.Investigation.MediaWikiIngestionServiceTests.EnsureKnowledgeBaseAsync_fetches_entries_and_caches_results" computerName="PC" duration="00:00:00.1156362" startTime="2025-10-23T14:12:11.7726162+08:00" endTime="2025-10-23T14:12:11.7726165+08:00" testType="13cdc9d9-ddb5-4fa4-a97d-d965ccfc6d4b" outcome="Passed" testListId="8c84fa94-04c1-424b-9868-57a2d4851a1d" relativeResultsDirectory="03825a61-7110-41bc-adfa-d8946493f639" />
    <UnitTestResult executionId="3f1d2cff-0996-4c21-9739-f1a2e0a16035" testId="2d812191-d1ff-d9b3-c50e-85edd14614fd" testName="LORE_LLM.Tests.Domain.DomainSerializationTests.Metadata_document_round_trips" computerName="PC" duration="00:00:00.4124554" startTime="2025-10-23T14:12:11.7697772+08:00" endTime="2025-10-23T14:12:11.7697777+08:00" testType="13cdc9d9-ddb5-4fa4-a97d-d965ccfc6d4b" outcome="Passed" testListId="8c84fa94-04c1-424b-9868-57a2d4851a1d" relativeResultsDirectory="3f1d2cff-0996-4c21-9739-f1a2e0a16035" />
    <UnitTestResult executionId="d6342c2a-3b74-4f5b-ad24-42dfe9547c61" testId="5b9982e3-d8d8-ab5b-6052-df4d6c2d1f1d" testName="LORE_LLM.Tests.Investigation.InvestigationReportGeneratorTests.GenerateAsync_produces_suggestions_from_knowledge" computerName="PC" duration="00:00:00.3861974" startTime="2025-10-23T14:12:11.7435379+08:00" endTime="2025-10-23T14:12:11.7435383+08:00" testType="13cdc9d9-ddb5-4fa4-a97d-d965ccfc6d4b" outcome="Passed" testListId="8c84fa94-04c1-424b-9868-57a2d4851a1d" relativeResultsDirectory="d6342c2a-3b74-4f5b-ad24-42dfe9547c61" />
    <UnitTestResult executionId="3d20aaaa-a393-4d13-93bc-399e5fa475a8" testId="c0a30cb0-c50f-d617-d666-3d9060bacc80" testName="LORE_LLM.Tests.Enrichment.MetadataEnrichmentPipelineTests.Applies_id_prefix_enricher" computerName="PC" duration="00:00:00.4317862" startTime="2025-10-23T14:12:11.7890326+08:00" endTime="2025-10-23T14:12:11.7890326+08:00" testType="13cdc9d9-ddb5-4fa4-a97d-d965ccfc6d4b" outcome="Passed" testListId="8c84fa94-04c1-424b-9868-57a2d4851a1d" relativeResultsDirectory="3d20aaaa-a393-4d13-93bc-399e5fa475a8" />
    <UnitTestResult executionId="7f3f9431-3df5-4c3f-b67b-a808fcee921a" testId="71e1152d-7c2f-4ec6-ad58-93a592b1961f" testName="LORE_LLM.Tests.CliApplicationTests.Commands_return_success(scenario: CommandScenario { Arguments = System.String[], AssertPostConditions = System.Action, ConfigureServices =  })" computerName="PC" duration="00:00:00.0119256" startTime="2025-10-23T14:12:11.8895741+08:00" endTime="2025-10-23T14:12:11.8895741+08:00" testType="13cdc9d9-ddb5-4fa4-a97d-d965ccfc6d4b" outcome="Passed" testListId="8c84fa94-04c1-424b-9868-57a2d4851a1d" relativeResultsDirectory="7f3f9431-3df5-4c3f-b67b-a808fcee921a" />
    <UnitTestResult executionId="f14e57db-047a-4921-a6e7-dbcced0208f5" testId="99e4a33b-f6d3-3cfa-758e-fccd2b490005" testName="LORE_LLM.Tests.CliApplicationTests.RunAsync_without_arguments_returns_help_error_code" computerName="PC" duration="00:00:00.4995972" startTime="2025-10-23T14:12:11.8568612+08:00" endTime="2025-10-23T14:12:11.8568613+08:00" testType="13cdc9d9-ddb5-4fa4-a97d-d965ccfc6d4b" outcome="Passed" testListId="8c84fa94-04c1-424b-9868-57a2d4851a1d" relativeResultsDirectory="f14e57db-047a-4921-a6e7-dbcced0208f5" />
    <UnitTestResult executionId="5d3b79ef-3752-40ec-85ae-e3b53c66000e" testId="80b7999c-8c8e-82fe-9f88-9f5d3b9012c4" testName="LORE_LLM.Tests.Clustering.ClusterContextCommandTests.Cluster_context_writes_output_file" computerName="PC" duration="00:00:00.4960719" startTime="2025-10-23T14:12:11.8534328+08:00" endTime="2025-10-23T14:12:11.8534329+08:00" testType="13cdc9d9-ddb5-4fa4-a97d-d965ccfc6d4b" outcome="Passed" testListId="8c84fa94-04c1-424b-9868-57a2d4851a1d" relativeResultsDirectory="5d3b79ef-3752-40ec-85ae-e3b53c66000e" />
    <UnitTestResult executionId="8e08114f-e701-4cc8-8a54-a43142fabf3c" testId="d1ddc5c0-c2df-f1f1-c297-38af5e5cb6d6" testName="LORE_LLM.Tests.Extraction.RawTextExtractorTests.ExtractAsync_fails_when_file_missing" computerName="PC" duration="00:00:00.0005594" startTime="2025-10-23T14:12:11.4309478+08:00" endTime="2025-10-23T14:12:11.4309479+08:00" testType="13cdc9d9-ddb5-4fa4-a97d-d965ccfc6d4b" outcome="Passed" testListId="8c84fa94-04c1-424b-9868-57a2d4851a1d" relativeResultsDirectory="8e08114f-e701-4cc8-8a54-a43142fabf3c" />
    <UnitTestResult executionId="7019f031-992f-4ff3-81fd-cb50cbc45544" testId="705b5ef2-e39f-9c56-30c2-3183f7138127" testName="LORE_LLM.Tests.Validation.ValidateSourceCommandTests.Validate_succeeds_on_valid_document" computerName="PC" duration="00:00:00.4791028" startTime="2025-10-23T14:12:11.8364375+08:00" endTime="2025-10-23T14:12:11.8364378+08:00" testType="13cdc9d9-ddb5-4fa4-a97d-d965ccfc6d4b" outcome="Passed" testListId="8c84fa94-04c1-424b-9868-57a2d4851a1d" relativeResultsDirectory="7019f031-992f-4ff3-81fd-cb50cbc45544" />
    <UnitTestResult executionId="976fde3d-db78-4fb1-a077-b078274791a9" testId="f57b6f0a-e28a-5c1a-4de6-6b74ba5389ac" testName="LORE_LLM.Tests.Clustering.ClusterPrepCommandTests.Cluster_prep_writes_precomputed_and_manifest" computerName="PC" duration="00:00:00.4995597" startTime="2025-10-23T14:12:11.8568314+08:00" endTime="2025-10-23T14:12:11.8568315+08:00" testType="13cdc9d9-ddb5-4fa4-a97d-d965ccfc6d4b" outcome="Passed" testListId="8c84fa94-04c1-424b-9868-57a2d4851a1d" relativeResultsDirectory="976fde3d-db78-4fb1-a077-b078274791a9" />
    <UnitTestResult executionId="1fdb7790-c26b-4275-8fdb-f47cef9baf25" testId="71e1152d-7c2f-4ec6-ad58-93a592b1961f" testName="LORE_LLM.Tests.CliApplicationTests.Commands_return_success(scenario: CommandScenario { Arguments = System.String[], AssertPostConditions = System.Action, ConfigureServices = System.Action`1[Microsoft.Extensions.DependencyInjection.IServiceCollection] })" computerName="PC" duration="00:00:00.0099008" startTime="2025-10-23T14:12:11.9025413+08:00" endTime="2025-10-23T14:12:11.9025414+08:00" testType="13cdc9d9-ddb5-4fa4-a97d-d965ccfc6d4b" outcome="Passed" testListId="8c84fa94-04c1-424b-9868-57a2d4851a1d" relativeResultsDirectory="1fdb7790-c26b-4275-8fdb-f47cef9baf25" />
    <UnitTestResult executionId="cc7d044c-c8cf-418f-83f8-128c1cfb1cfe" testId="d77e84e9-8f1e-2db4-f2eb-a9263555d302" testName="LORE_LLM.Tests.Extraction.RawTextExtractorTests.ExtractAsync_emits_json_and_manifest" computerName="PC" duration="00:00:00.3572703" startTime="2025-10-23T14:12:11.7868899+08:00" endTime="2025-10-23T14:12:11.7868900+08:00" testType="13cdc9d9-ddb5-4fa4-a97d-d965ccfc6d4b" outcome="Passed" testListId="8c84fa94-04c1-424b-9868-57a2d4851a1d" relativeResultsDirectory="cc7d044c-c8cf-418f-83f8-128c1cfb1cfe" />
    <UnitTestResult executionId="3283dbb7-a55d-42e5-92a5-8b4570a20175" testId="71e1152d-7c2f-4ec6-ad58-93a592b1961f" testName="LORE_LLM.Tests.CliApplicationTests.Commands_return_success(scenario: CommandScenario { Arguments = System.String[], AssertPostConditions = System.Action, ConfigureServices =  })" computerName="PC" duration="00:00:00.0005835" startTime="2025-10-23T14:12:11.8914157+08:00" endTime="2025-10-23T14:12:11.8914157+08:00" testType="13cdc9d9-ddb5-4fa4-a97d-d965ccfc6d4b" outcome="Passed" testListId="8c84fa94-04c1-424b-9868-57a2d4851a1d" relativeResultsDirectory="3283dbb7-a55d-42e5-92a5-8b4570a20175" />
    <UnitTestResult executionId="19bec632-5ed7-4a10-90d5-77dc27b2fb37" testId="1f1520cb-c9fa-ce96-7955-9deb29c9592e" testName="LORE_LLM.Tests.CliApplicationTests.Cluster_without_provider_uses_config_default" computerName="PC" duration="00:00:00.0146509" startTime="2025-10-23T14:12:11.8716281+08:00" endTime="2025-10-23T14:12:11.8716282+08:00" testType="13cdc9d9-ddb5-4fa4-a97d-d965ccfc6d4b" outcome="Passed" testListId="8c84fa94-04c1-424b-9868-57a2d4851a1d" relativeResultsDirectory="19bec632-5ed7-4a10-90d5-77dc27b2fb37" />
    <UnitTestResult executionId="b84536dd-df4b-43d9-8633-86da3b61545a" testId="460fee4d-c201-2000-f8b4-c06be970d01f" testName="LORE_LLM.Tests.Retrieval.QdrantClientTests.Search_omits_filter_when_no_keywords" computerName="PC" duration="00:00:00.0018668" startTime="2025-10-23T14:12:11.6947726+08:00" endTime="2025-10-23T14:12:11.6947728+08:00" testType="13cdc9d9-ddb5-4fa4-a97d-d965ccfc6d4b" outcome="Passed" testListId="8c84fa94-04c1-424b-9868-57a2d4851a1d" relativeResultsDirectory="b84536dd-df4b-43d9-8633-86da3b61545a" />
    <UnitTestResult executionId="84f301da-504c-4ab6-8d60-11686232a2c3" testId="a272a83e-9448-e5f5-ada3-90fe294e91d8" testName="LORE_LLM.Tests.Domain.DomainSerializationTests.Cluster_document_round_trips" computerName="PC" duration="00:00:00.0010284" startTime="2025-10-23T14:12:11.7779279+08:00" endTime="2025-10-23T14:12:11.7779279+08:00" testType="13cdc9d9-ddb5-4fa4-a97d-d965ccfc6d4b" outcome="Passed" testListId="8c84fa94-04c1-424b-9868-57a2d4851a1d" relativeResultsDirectory="84f301da-504c-4ab6-8d60-11686232a2c3" />
  </Results>
  <TestDefinitions>
    <UnitTest name="LORE_LLM.Tests.CliApplicationTests.Cluster_without_provider_uses_config_default" storage="c:\users\coel\documents\godot\lore-llm\tests\lore-llm.tests\bin\debug\net8.0\lore-llm.tests.dll" id="1f1520cb-c9fa-ce96-7955-9deb29c9592e">
      <Execution id="19bec632-5ed7-4a10-90d5-77dc27b2fb37" />
      <TestMethod codeBase="C:\Users\Coel\Documents\Godot\LORE-LLM\tests\LORE-LLM.Tests\bin\Debug\net8.0\LORE-LLM.Tests.dll" adapterTypeName="executor://xunit/VsTestRunner2/netcoreapp" className="LORE_LLM.Tests.CliApplicationTests" name="Cluster_without_provider_uses_config_default" />
    </UnitTest>
    <UnitTest name="LORE_LLM.Tests.CliApplicationTests.Commands_return_success" storage="c:\users\coel\documents\godot\lore-llm\tests\lore-llm.tests\bin\debug\net8.0\lore-llm.tests.dll" id="71e1152d-7c2f-4ec6-ad58-93a592b1961f">
      <Execution id="7f3f9431-3df5-4c3f-b67b-a808fcee921a" />
      <TestMethod codeBase="C:\Users\Coel\Documents\Godot\LORE-LLM\tests\LORE-LLM.Tests\bin\Debug\net8.0\LORE-LLM.Tests.dll" adapterTypeName="executor://xunit/VsTestRunner2/netcoreapp" className="LORE_LLM.Tests.CliApplicationTests" name="Commands_return_success" />
    </UnitTest>
    <UnitTest name="LORE_LLM.Tests.PostProcessing.MarbleNestPostProcessorTests.Removes_empty_segments" storage="c:\users\coel\documents\godot\lore-llm\tests\lore-llm.tests\bin\debug\net8.0\lore-llm.tests.dll" id="dd41ed94-549e-fdc0-83c0-e8e977f413a5">
      <Execution id="051cfaac-18c7-45e2-a118-949a3905e359" />
      <TestMethod codeBase="C:\Users\Coel\Documents\Godot\LORE-LLM\tests\LORE-LLM.Tests\bin\Debug\net8.0\LORE-LLM.Tests.dll" adapterTypeName="executor://xunit/VsTestRunner2/netcoreapp" className="LORE_LLM.Tests.PostProcessing.MarbleNestPostProcessorTests" name="Removes_empty_segments" />
    </UnitTest>
    <UnitTest name="LORE_LLM.Tests.Wiki.WikiIndexCommandTests.Index_wiki_builds_keyword_index_from_markdown_files" storage="c:\users\coel\documents\godot\lore-llm\tests\lore-llm.tests\bin\debug\net8.0\lore-llm.tests.dll" id="b373d78a-e853-b05d-6545-fcae3b98c8d9">
      <Execution id="9909166b-2a5b-48d9-b80e-4208d6a3525e" />
      <TestMethod codeBase="C:\Users\Coel\Documents\Godot\LORE-LLM\tests\LORE-LLM.Tests\bin\Debug\net8.0\LORE-LLM.Tests.dll" adapterTypeName="executor://xunit/VsTestRunner2/netcoreapp" className="LORE_LLM.Tests.Wiki.WikiIndexCommandTests" name="Index_wiki_builds_keyword_index_from_markdown_files" />
    </UnitTest>
    <UnitTest name="LORE_LLM.Tests.Wiki.MediaWikiCrawlerTests.CrawlAsync_writes_markdown_files_for_requested_pages" storage="c:\users\coel\documents\godot\lore-llm\tests\lore-llm.tests\bin\debug\net8.0\lore-llm.tests.dll" id="8af26fe3-93f7-a387-03a0-ea2796e29397">
      <Execution id="822645f9-2564-4518-aafa-fe840147a7c0" />
      <TestMethod codeBase="C:\Users\Coel\Documents\Godot\LORE-LLM\tests\LORE-LLM.Tests\bin\Debug\net8.0\LORE-LLM.Tests.dll" adapterTypeName="executor://xunit/VsTestRunner2/netcoreapp" className="LORE_LLM.Tests.Wiki.MediaWikiCrawlerTests" name="CrawlAsync_writes_markdown_files_for_requested_pages" />
    </UnitTest>
    <UnitTest name="LORE_LLM.Tests.CliApplicationTests.RunAsync_without_arguments_returns_help_error_code" storage="c:\users\coel\documents\godot\lore-llm\tests\lore-llm.tests\bin\debug\net8.0\lore-llm.tests.dll" id="99e4a33b-f6d3-3cfa-758e-fccd2b490005">
      <Execution id="f14e57db-047a-4921-a6e7-dbcced0208f5" />
      <TestMethod codeBase="C:\Users\Coel\Documents\Godot\LORE-LLM\tests\LORE-LLM.Tests\bin\Debug\net8.0\LORE-LLM.Tests.dll" adapterTypeName="executor://xunit/VsTestRunner2/netcoreapp" className="LORE_LLM.Tests.CliApplicationTests" name="RunAsync_without_arguments_returns_help_error_code" />
    </UnitTest>
    <UnitTest name="LORE_LLM.Tests.Domain.DomainSerializationTests.Knowledge_base_round_trips" storage="c:\users\coel\documents\godot\lore-llm\tests\lore-llm.tests\bin\debug\net8.0\lore-llm.tests.dll" id="aee863a8-fcb0-118c-fc2e-3e87b8277d93">
      <Execution id="c39812a0-bc59-4904-991f-be0424ac750c" />
      <TestMethod codeBase="C:\Users\Coel\Documents\Godot\LORE-LLM\tests\LORE-LLM.Tests\bin\Debug\net8.0\LORE-LLM.Tests.dll" adapterTypeName="executor://xunit/VsTestRunner2/netcoreapp" className="LORE_LLM.Tests.Domain.DomainSerializationTests" name="Knowledge_base_round_trips" />
    </UnitTest>
    <UnitTest name="LORE_LLM.Tests.Investigation.MediaWikiIngestionServiceTests.EnsureKnowledgeBaseAsync_offline_without_cache_returns_failure" storage="c:\users\coel\documents\godot\lore-llm\tests\lore-llm.tests\bin\debug\net8.0\lore-llm.tests.dll" id="cf523042-e5be-ee20-2d75-2879ae5bab43">
      <Execution id="f0176225-0124-45f8-9bd7-d4dff890f5d1" />
      <TestMethod codeBase="C:\Users\Coel\Documents\Godot\LORE-LLM\tests\LORE-LLM.Tests\bin\Debug\net8.0\LORE-LLM.Tests.dll" adapterTypeName="executor://xunit/VsTestRunner2/netcoreapp" className="LORE_LLM.Tests.Investigation.MediaWikiIngestionServiceTests" name="EnsureKnowledgeBaseAsync_offline_without_cache_returns_failure" />
    </UnitTest>
    <UnitTest name="LORE_LLM.Tests.Retrieval.QdrantClientTests.Search_omits_filter_when_no_keywords" storage="c:\users\coel\documents\godot\lore-llm\tests\lore-llm.tests\bin\debug\net8.0\lore-llm.tests.dll" id="460fee4d-c201-2000-f8b4-c06be970d01f">
      <Execution id="b84536dd-df4b-43d9-8633-86da3b61545a" />
      <TestMethod codeBase="C:\Users\Coel\Documents\Godot\LORE-LLM\tests\LORE-LLM.Tests\bin\Debug\net8.0\LORE-LLM.Tests.dll" adapterTypeName="executor://xunit/VsTestRunner2/netcoreapp" className="LORE_LLM.Tests.Retrieval.QdrantClientTests" name="Search_omits_filter_when_no_keywords" />
    </UnitTest>
    <UnitTest name="LORE_LLM.Tests.Clustering.ClusterCommandTests.Cluster_command_uses_default_provider_from_config_when_not_specified" storage="c:\users\coel\documents\godot\lore-llm\tests\lore-llm.tests\bin\debug\net8.0\lore-llm.tests.dll" id="182c4a9a-875f-dd77-2fd5-18a3b491cfa1">
      <Execution id="95f60417-e062-48af-9b90-cdad65884ff8" />
      <TestMethod codeBase="C:\Users\Coel\Documents\Godot\LORE-LLM\tests\LORE-LLM.Tests\bin\Debug\net8.0\LORE-LLM.Tests.dll" adapterTypeName="executor://xunit/VsTestRunner2/netcoreapp" className="LORE_LLM.Tests.Clustering.ClusterCommandTests" name="Cluster_command_uses_default_provider_from_config_when_not_specified" />
    </UnitTest>
    <UnitTest name="LORE_LLM.Tests.Extraction.RawTextExtractorTests.ExtractAsync_emits_json_and_manifest" storage="c:\users\coel\documents\godot\lore-llm\tests\lore-llm.tests\bin\debug\net8.0\lore-llm.tests.dll" id="d77e84e9-8f1e-2db4-f2eb-a9263555d302">
      <Execution id="cc7d044c-c8cf-418f-83f8-128c1cfb1cfe" />
      <TestMethod codeBase="C:\Users\Coel\Documents\Godot\LORE-LLM\tests\LORE-LLM.Tests\bin\Debug\net8.0\LORE-LLM.Tests.dll" adapterTypeName="executor://xunit/VsTestRunner2/netcoreapp" className="LORE_LLM.Tests.Extraction.RawTextExtractorTests" name="ExtractAsync_emits_json_and_manifest" />
    </UnitTest>
    <UnitTest name="LORE_LLM.Tests.Domain.DomainSerializationTests.Cluster_document_round_trips" storage="c:\users\coel\documents\godot\lore-llm\tests\lore-llm.tests\bin\debug\net8.0\lore-llm.tests.dll" id="a272a83e-9448-e5f5-ada3-90fe294e91d8">
      <Execution id="84f301da-504c-4ab6-8d60-11686232a2c3" />
      <TestMethod codeBase="C:\Users\Coel\Documents\Godot\LORE-LLM\tests\LORE-LLM.Tests\bin\Debug\net8.0\LORE-LLM.Tests.dll" adapterTypeName="executor://xunit/VsTestRunner2/netcoreapp" className="LORE_LLM.Tests.Domain.DomainSerializationTests" name="Cluster_document_round_trips" />
    </UnitTest>
    <UnitTest name="LORE_LLM.Tests.Domain.DomainSerializationTests.Metadata_document_round_trips" storage="c:\users\coel\documents\godot\lore-llm\tests\lore-llm.tests\bin\debug\net8.0\lore-llm.tests.dll" id="2d812191-d1ff-d9b3-c50e-85edd14614fd">
      <Execution id="3f1d2cff-0996-4c21-9739-f1a2e0a16035" />
      <TestMethod codeBase="C:\Users\Coel\Documents\Godot\LORE-LLM\tests\LORE-LLM.Tests\bin\Debug\net8.0\LORE-LLM.Tests.dll" adapterTypeName="executor://xunit/VsTestRunner2/netcoreapp" className="LORE_LLM.Tests.Domain.DomainSerializationTests" name="Metadata_document_round_trips" />
    </UnitTest>
    <UnitTest name="LORE_LLM.Tests.Extraction.RawTextExtractorTests.ExtractAsync_fails_when_file_missing" storage="c:\users\coel\documents\godot\lore-llm\tests\lore-llm.tests\bin\debug\net8.0\lore-llm.tests.dll" id="d1ddc5c0-c2df-f1f1-c297-38af5e5cb6d6">
      <Execution id="8e08114f-e701-4cc8-8a54-a43142fabf3c" />
      <TestMethod codeBase="C:\Users\Coel\Documents\Godot\LORE-LLM\tests\LORE-LLM.Tests\bin\Debug\net8.0\LORE-LLM.Tests.dll" adapterTypeName="executor://xunit/VsTestRunner2/netcoreapp" className="LORE_LLM.Tests.Extraction.RawTextExtractorTests" name="ExtractAsync_fails_when_file_missing" />
    </UnitTest>
    <UnitTest name="LORE_LLM.Tests.Extraction.RawTextExtractorTests.ExtractAsync_fails_when_no_segments" storage="c:\users\coel\documents\godot\lore-llm\tests\lore-llm.tests\bin\debug\net8.0\lore-llm.tests.dll" id="4516c856-2174-1fa8-2472-08f4cf424b4f">
      <Execution id="9131d39b-4dfb-4553-a61c-18ae5955534c" />
      <TestMethod codeBase="C:\Users\Coel\Documents\Godot\LORE-LLM\tests\LORE-LLM.Tests\bin\Debug\net8.0\LORE-LLM.Tests.dll" adapterTypeName="executor://xunit/VsTestRunner2/netcoreapp" className="LORE_LLM.Tests.Extraction.RawTextExtractorTests" name="ExtractAsync_fails_when_no_segments" />
    </UnitTest>
    <UnitTest name="LORE_LLM.Tests.Retrieval.QdrantClientTests.Search_builds_filter_when_keywords_present" storage="c:\users\coel\documents\godot\lore-llm\tests\lore-llm.tests\bin\debug\net8.0\lore-llm.tests.dll" id="a050b477-663a-65f5-e95e-c4a03563d0e4">
      <Execution id="2ede595c-f134-4b9d-af7d-8725eebce929" />
      <TestMethod codeBase="C:\Users\Coel\Documents\Godot\LORE-LLM\tests\LORE-LLM.Tests\bin\Debug\net8.0\LORE-LLM.Tests.dll" adapterTypeName="executor://xunit/VsTestRunner2/netcoreapp" className="LORE_LLM.Tests.Retrieval.QdrantClientTests" name="Search_builds_filter_when_keywords_present" />
    </UnitTest>
    <UnitTest name="LORE_LLM.Tests.Enrichment.MetadataEnrichmentPipelineTests.Applies_id_prefix_enricher" storage="c:\users\coel\documents\godot\lore-llm\tests\lore-llm.tests\bin\debug\net8.0\lore-llm.tests.dll" id="c0a30cb0-c50f-d617-d666-3d9060bacc80">
      <Execution id="3d20aaaa-a393-4d13-93bc-399e5fa475a8" />
      <TestMethod codeBase="C:\Users\Coel\Documents\Godot\LORE-LLM\tests\LORE-LLM.Tests\bin\Debug\net8.0\LORE-LLM.Tests.dll" adapterTypeName="executor://xunit/VsTestRunner2/netcoreapp" className="LORE_LLM.Tests.Enrichment.MetadataEnrichmentPipelineTests" name="Applies_id_prefix_enricher" />
    </UnitTest>
    <UnitTest name="LORE_LLM.Tests.Clustering.ClusterPrepCommandTests.Cluster_prep_writes_precomputed_and_manifest" storage="c:\users\coel\documents\godot\lore-llm\tests\lore-llm.tests\bin\debug\net8.0\lore-llm.tests.dll" id="f57b6f0a-e28a-5c1a-4de6-6b74ba5389ac">
      <Execution id="976fde3d-db78-4fb1-a077-b078274791a9" />
      <TestMethod codeBase="C:\Users\Coel\Documents\Godot\LORE-LLM\tests\LORE-LLM.Tests\bin\Debug\net8.0\LORE-LLM.Tests.dll" adapterTypeName="executor://xunit/VsTestRunner2/netcoreapp" className="LORE_LLM.Tests.Clustering.ClusterPrepCommandTests" name="Cluster_prep_writes_precomputed_and_manifest" />
    </UnitTest>
    <UnitTest name="LORE_LLM.Tests.Clustering.ClusterCommandTests.Cluster_command_accepts_precomputed_when_flag_is_accept" storage="c:\users\coel\documents\godot\lore-llm\tests\lore-llm.tests\bin\debug\net8.0\lore-llm.tests.dll" id="5b8d8e36-3c2b-b70b-8cf5-35702d042857">
      <Execution id="888d32ea-4ba3-42b7-9945-a562ea4fd669" />
      <TestMethod codeBase="C:\Users\Coel\Documents\Godot\LORE-LLM\tests\LORE-LLM.Tests\bin\Debug\net8.0\LORE-LLM.Tests.dll" adapterTypeName="executor://xunit/VsTestRunner2/netcoreapp" className="LORE_LLM.Tests.Clustering.ClusterCommandTests" name="Cluster_command_accepts_precomputed_when_flag_is_accept" />
    </UnitTest>
    <UnitTest name="LORE_LLM.Tests.Domain.DomainSerializationTests.Investigation_report_round_trips" storage="c:\users\coel\documents\godot\lore-llm\tests\lore-llm.tests\bin\debug\net8.0\lore-llm.tests.dll" id="9a92c6b1-3a7f-6ff8-1081-8c2724b2b5e9">
      <Execution id="0559dc03-92d3-4b5a-8d53-deceb0388aa6" />
      <TestMethod codeBase="C:\Users\Coel\Documents\Godot\LORE-LLM\tests\LORE-LLM.Tests\bin\Debug\net8.0\LORE-LLM.Tests.dll" adapterTypeName="executor://xunit/VsTestRunner2/netcoreapp" className="LORE_LLM.Tests.Domain.DomainSerializationTests" name="Investigation_report_round_trips" />
    </UnitTest>
    <UnitTest name="LORE_LLM.Tests.Validation.ValidateSourceCommandTests.Validate_succeeds_on_valid_document" storage="c:\users\coel\documents\godot\lore-llm\tests\lore-llm.tests\bin\debug\net8.0\lore-llm.tests.dll" id="705b5ef2-e39f-9c56-30c2-3183f7138127">
      <Execution id="7019f031-992f-4ff3-81fd-cb50cbc45544" />
      <TestMethod codeBase="C:\Users\Coel\Documents\Godot\LORE-LLM\tests\LORE-LLM.Tests\bin\Debug\net8.0\LORE-LLM.Tests.dll" adapterTypeName="executor://xunit/VsTestRunner2/netcoreapp" className="LORE_LLM.Tests.Validation.ValidateSourceCommandTests" name="Validate_succeeds_on_valid_document" />
    </UnitTest>
    <UnitTest name="LORE_LLM.Tests.Clustering.ClusterContextCommandTests.Cluster_context_writes_output_file" storage="c:\users\coel\documents\godot\lore-llm\tests\lore-llm.tests\bin\debug\net8.0\lore-llm.tests.dll" id="80b7999c-8c8e-82fe-9f88-9f5d3b9012c4">
      <Execution id="5d3b79ef-3752-40ec-85ae-e3b53c66000e" />
      <TestMethod codeBase="C:\Users\Coel\Documents\Godot\LORE-LLM\tests\LORE-LLM.Tests\bin\Debug\net8.0\LORE-LLM.Tests.dll" adapterTypeName="executor://xunit/VsTestRunner2/netcoreapp" className="LORE_LLM.Tests.Clustering.ClusterContextCommandTests" name="Cluster_context_writes_output_file" />
    </UnitTest>
    <UnitTest name="LORE_LLM.Tests.Investigation.MediaWikiIngestionServiceTests.EnsureKnowledgeBaseAsync_fetches_entries_and_caches_results" storage="c:\users\coel\documents\godot\lore-llm\tests\lore-llm.tests\bin\debug\net8.0\lore-llm.tests.dll" id="cb137f5d-24c0-2966-40c5-998e3c709100">
      <Execution id="03825a61-7110-41bc-adfa-d8946493f639" />
      <TestMethod codeBase="C:\Users\Coel\Documents\Godot\LORE-LLM\tests\LORE-LLM.Tests\bin\Debug\net8.0\LORE-LLM.Tests.dll" adapterTypeName="executor://xunit/VsTestRunner2/netcoreapp" className="LORE_LLM.Tests.Investigation.MediaWikiIngestionServiceTests" name="EnsureKnowledgeBaseAsync_fetches_entries_and_caches_results" />
    </UnitTest>
    <UnitTest name="LORE_LLM.Tests.Clustering.ClusterCommandTests.Cluster_command_generates_clusters_and_updates_manifest" storage="c:\users\coel\documents\godot\lore-llm\tests\lore-llm.tests\bin\debug\net8.0\lore-llm.tests.dll" id="c432c984-90c5-43dd-2e60-2e2a5b248875">
      <Execution id="ae24d80f-d9f3-41ee-a4c6-86c45284a4f6" />
      <TestMethod codeBase="C:\Users\Coel\Documents\Godot\LORE-LLM\tests\LORE-LLM.Tests\bin\Debug\net8.0\LORE-LLM.Tests.dll" adapterTypeName="executor://xunit/VsTestRunner2/netcoreapp" className="LORE_LLM.Tests.Clustering.ClusterCommandTests" name="Cluster_command_generates_clusters_and_updates_manifest" />
    </UnitTest>
    <UnitTest name="LORE_LLM.Tests.Investigation.InvestigationReportGeneratorTests.GenerateAsync_produces_suggestions_from_knowledge" storage="c:\users\coel\documents\godot\lore-llm\tests\lore-llm.tests\bin\debug\net8.0\lore-llm.tests.dll" id="5b9982e3-d8d8-ab5b-6052-df4d6c2d1f1d">
      <Execution id="d6342c2a-3b74-4f5b-ad24-42dfe9547c61" />
      <TestMethod codeBase="C:\Users\Coel\Documents\Godot\LORE-LLM\tests\LORE-LLM.Tests\bin\Debug\net8.0\LORE-LLM.Tests.dll" adapterTypeName="executor://xunit/VsTestRunner2/netcoreapp" className="LORE_LLM.Tests.Investigation.InvestigationReportGeneratorTests" name="GenerateAsync_produces_suggestions_from_knowledge" />
    </UnitTest>
  </TestDefinitions>
  <TestEntries>
    <TestEntry testId="9a92c6b1-3a7f-6ff8-1081-8c2724b2b5e9" executionId="0559dc03-92d3-4b5a-8d53-deceb0388aa6" testListId="8c84fa94-04c1-424b-9868-57a2d4851a1d" />
    <TestEntry testId="cf523042-e5be-ee20-2d75-2879ae5bab43" executionId="f0176225-0124-45f8-9bd7-d4dff890f5d1" testListId="8c84fa94-04c1-424b-9868-57a2d4851a1d" />
    <TestEntry testId="71e1152d-7c2f-4ec6-ad58-93a592b1961f" executionId="3eb00cc5-af5e-46f7-afb9-08ff2983eff3" testListId="8c84fa94-04c1-424b-9868-57a2d4851a1d" />
    <TestEntry testId="c432c984-90c5-43dd-2e60-2e2a5b248875" executionId="ae24d80f-d9f3-41ee-a4c6-86c45284a4f6" testListId="8c84fa94-04c1-424b-9868-57a2d4851a1d" />
    <TestEntry testId="8af26fe3-93f7-a387-03a0-ea2796e29397" executionId="822645f9-2564-4518-aafa-fe840147a7c0" testListId="8c84fa94-04c1-424b-9868-57a2d4851a1d" />
    <TestEntry testId="71e1152d-7c2f-4ec6-ad58-93a592b1961f" executionId="cae41557-a59f-480c-b19e-2bb873e8e38e" testListId="8c84fa94-04c1-424b-9868-57a2d4851a1d" />
    <TestEntry testId="b373d78a-e853-b05d-6545-fcae3b98c8d9" executionId="9909166b-2a5b-48d9-b80e-4208d6a3525e" testListId="8c84fa94-04c1-424b-9868-57a2d4851a1d" />
    <TestEntry testId="182c4a9a-875f-dd77-2fd5-18a3b491cfa1" executionId="95f60417-e062-48af-9b90-cdad65884ff8" testListId="8c84fa94-04c1-424b-9868-57a2d4851a1d" />
    <TestEntry testId="71e1152d-7c2f-4ec6-ad58-93a592b1961f" executionId="6228501a-413b-4ac2-bda0-c75a024e0441" testListId="8c84fa94-04c1-424b-9868-57a2d4851a1d" />
    <TestEntry testId="aee863a8-fcb0-118c-fc2e-3e87b8277d93" executionId="c39812a0-bc59-4904-991f-be0424ac750c" testListId="8c84fa94-04c1-424b-9868-57a2d4851a1d" />
    <TestEntry testId="71e1152d-7c2f-4ec6-ad58-93a592b1961f" executionId="5b4f2978-8d1a-4c23-825f-b813891511eb" testListId="8c84fa94-04c1-424b-9868-57a2d4851a1d" />
    <TestEntry testId="5b8d8e36-3c2b-b70b-8cf5-35702d042857" executionId="888d32ea-4ba3-42b7-9945-a562ea4fd669" testListId="8c84fa94-04c1-424b-9868-57a2d4851a1d" />
    <TestEntry testId="dd41ed94-549e-fdc0-83c0-e8e977f413a5" executionId="051cfaac-18c7-45e2-a118-949a3905e359" testListId="8c84fa94-04c1-424b-9868-57a2d4851a1d" />
    <TestEntry testId="a050b477-663a-65f5-e95e-c4a03563d0e4" executionId="2ede595c-f134-4b9d-af7d-8725eebce929" testListId="8c84fa94-04c1-424b-9868-57a2d4851a1d" />
    <TestEntry testId="4516c856-2174-1fa8-2472-08f4cf424b4f" executionId="9131d39b-4dfb-4553-a61c-18ae5955534c" testListId="8c84fa94-04c1-424b-9868-57a2d4851a1d" />
    <TestEntry testId="cb137f5d-24c0-2966-40c5-998e3c709100" executionId="03825a61-7110-41bc-adfa-d8946493f639" testListId="8c84fa94-04c1-424b-9868-57a2d4851a1d" />
    <TestEntry testId="2d812191-d1ff-d9b3-c50e-85edd14614fd" executionId="3f1d2cff-0996-4c21-9739-f1a2e0a16035" testListId="8c84fa94-04c1-424b-9868-57a2d4851a1d" />
    <TestEntry testId="5b9982e3-d8d8-ab5b-6052-df4d6c2d1f1d" executionId="d6342c2a-3b74-4f5b-ad24-42dfe9547c61" testListId="8c84fa94-04c1-424b-9868-57a2d4851a1d" />
    <TestEntry testId="c0a30cb0-c50f-d617-d666-3d9060bacc80" executionId="3d20aaaa-a393-4d13-93bc-399e5fa475a8" testListId="8c84fa94-04c1-424b-9868-57a2d4851a1d" />
    <TestEntry testId="71e1152d-7c2f-4ec6-ad58-93a592b1961f" executionId="7f3f9431-3df5-4c3f-b67b-a808fcee921a" testListId="8c84fa94-04c1-424b-9868-57a2d4851a1d" />
    <TestEntry testId="99e4a33b-f6d3-3cfa-758e-fccd2b490005" executionId="f14e57db-047a-4921-a6e7-dbcced0208f5" testListId="8c84fa94-04c1-424b-9868-57a2d4851a1d" />
    <TestEntry testId="80b7999c-8c8e-82fe-9f88-9f5d3b9012c4" executionId="5d3b79ef-3752-40ec-85ae-e3b53c66000e" testListId="8c84fa94-04c1-424b-9868-57a2d4851a1d" />
    <TestEntry testId="d1ddc5c0-c2df-f1f1-c297-38af5e5cb6d6" executionId="8e08114f-e701-4cc8-8a54-a43142fabf3c" testListId="8c84fa94-04c1-424b-9868-57a2d4851a1d" />
    <TestEntry testId="705b5ef2-e39f-9c56-30c2-3183f7138127" executionId="7019f031-992f-4ff3-81fd-cb50cbc45544" testListId="8c84fa94-04c1-424b-9868-57a2d4851a1d" />
    <TestEntry testId="f57b6f0a-e28a-5c1a-4de6-6b74ba5389ac" executionId="976fde3d-db78-4fb1-a077-b078274791a9" testListId="8c84fa94-04c1-424b-9868-57a2d4851a1d" />
    <TestEntry testId="71e1152d-7c2f-4ec6-ad58-93a592b1961f" executionId="1fdb7790-c26b-4275-8fdb-f47cef9baf25" testListId="8c84fa94-04c1-424b-9868-57a2d4851a1d" />
    <TestEntry testId="d77e84e9-8f1e-2db4-f2eb-a9263555d302" executionId="cc7d044c-c8cf-418f-83f8-128c1cfb1cfe" testListId="8c84fa94-04c1-424b-9868-57a2d4851a1d" />
    <TestEntry testId="71e1152d-7c2f-4ec6-ad58-93a592b1961f" executionId="3283dbb7-a55d-42e5-92a5-8b4570a20175" testListId="8c84fa94-04c1-424b-9868-57a2d4851a1d" />
    <TestEntry testId="1f1520cb-c9fa-ce96-7955-9deb29c9592e" executionId="19bec632-5ed7-4a10-90d5-77dc27b2fb37" testListId="8c84fa94-04c1-424b-9868-57a2d4851a1d" />
    <TestEntry testId="460fee4d-c201-2000-f8b4-c06be970d01f" executionId="b84536dd-df4b-43d9-8633-86da3b61545a" testListId="8c84fa94-04c1-424b-9868-57a2d4851a1d" />
    <TestEntry testId="a272a83e-9448-e5f5-ada3-90fe294e91d8" executionId="84f301da-504c-4ab6-8d60-11686232a2c3" testListId="8c84fa94-04c1-424b-9868-57a2d4851a1d" />
  </TestEntries>
  <TestLists>
    <TestList name="Results Not in a List" id="8c84fa94-04c1-424b-9868-57a2d4851a1d" />
    <TestList name="All Loaded Results" id="19431567-8539-422a-85d7-44ee4e166bda" />
  </TestLists>
  <ResultSummary outcome="Completed">
    <Counters total="31" executed="31" passed="31" failed="0" error="0" timeout="0" aborted="0" inconclusive="0" passedButRunAborted="0" notRunnable="0" notExecuted="0" disconnected="0" warning="0" completed="0" inProgress="0" pending="0" />
    <Output>
      <StdOut>[xUnit.net 00:00:00.00] xUnit.net VSTest Adapter v2.5.3.1+6b60a9e56a (64-bit .NET 8.0.2)&#xD;
[xUnit.net 00:00:00.43]   Discovering: LORE-LLM.Tests&#xD;
[xUnit.net 00:00:00.46]   Discovered:  LORE-LLM.Tests&#xD;
[xUnit.net 00:00:00.46]   Starting:    LORE-LLM.Tests&#xD;
[xUnit.net 00:00:01.33]   Finished:    LORE-LLM.Tests&#xD;
</StdOut>
    </Output>
  </ResultSummary>
</TestRun>